<?xml version="1.0" encoding="UTF-8"?>
<!-- Generated by org.testng.reporters.JUnitReportReporter -->
<testsuite skipped="1" hostname="Prasanna" name="script.ValidLoginLogout" tests="1" failures="0" timestamp="31 Mar 2019 06:20:40 GMT" time="0.001" errors="0">
  <testcase name="testValidLoginLogout" time="0.001" classname="script.ValidLoginLogout">
    <skipped/>
  </testcase> <!-- testValidLoginLogout -->
</testsuite> <!-- script.ValidLoginLogout -->
