<?xml version="1.0" encoding="UTF-8"?>
<!-- Generated by org.testng.reporters.JUnitReportReporter -->
<testsuite skipped="0" hostname="Prasanna" name="script.ValidLoginLogout" tests="1" failures="0" timestamp="05 Apr 2019 07:45:32 GMT" time="39.583" errors="0">
  <testcase name="testValidLoginLogout" time="39.583" classname="script.ValidLoginLogout"/>
</testsuite> <!-- script.ValidLoginLogout -->
