<?xml version="1.0" encoding="UTF-8"?>
<!-- Generated by org.testng.reporters.JUnitReportReporter -->
<testsuite skipped="0" hostname="Prasanna" name="script.InvalidLogin" tests="1" failures="0" timestamp="05 Apr 2019 07:45:32 GMT" time="45.958" errors="0">
  <testcase name="testInvalidLogin" time="45.958" classname="script.InvalidLogin"/>
</testsuite> <!-- script.InvalidLogin -->
